Copyright 1986-2021 Xilinx, Inc. All Rights Reserved.
------------------------------------------------------------------------------------------
| Tool Version : Vivado v.2021.1 (win64) Build 3247384 Thu Jun 10 19:36:33 MDT 2021
| Date         : Thu May 26 19:46:49 2022
| Host         : DESKTOP-4II7DQ3 running 64-bit major release  (build 9200)
| Command      : report_control_sets -verbose -file carTailLights_control_sets_placed.rpt
| Design       : carTailLights
| Device       : xc7a35t
------------------------------------------------------------------------------------------

Control Set Information

Table of Contents
-----------------
1. Summary
2. Histogram
3. Flip-Flop Distribution
4. Detailed Control Set Information

1. Summary
----------

+----------------------------------------------------------+-------+
|                          Status                          | Count |
+----------------------------------------------------------+-------+
| Total control sets                                       |     4 |
|    Minimum number of control sets                        |     4 |
|    Addition due to synthesis replication                 |     0 |
|    Addition due to physical synthesis replication        |     0 |
| Unused register locations in slices containing registers |    13 |
+----------------------------------------------------------+-------+
* Control sets can be merged at opt_design using control_set_merge or merge_equivalent_drivers
** Run report_qor_suggestions for automated merging and remapping suggestions


2. Histogram
------------

+--------------------+-------+
|       Fanout       | Count |
+--------------------+-------+
| Total control sets |     4 |
| >= 0 to < 4        |     0 |
| >= 4 to < 6        |     2 |
| >= 6 to < 8        |     1 |
| >= 8 to < 10       |     0 |
| >= 10 to < 12      |     0 |
| >= 12 to < 14      |     0 |
| >= 14 to < 16      |     0 |
| >= 16              |     1 |
+--------------------+-------+
* Control sets can be remapped at either synth_design or opt_design


3. Flip-Flop Distribution
-------------------------

+--------------+-----------------------+------------------------+-----------------+--------------+
| Clock Enable | Synchronous Set/Reset | Asynchronous Set/Reset | Total Registers | Total Slices |
+--------------+-----------------------+------------------------+-----------------+--------------+
| No           | No                    | No                     |              10 |            5 |
| No           | No                    | Yes                    |              37 |           12 |
| No           | Yes                   | No                     |               4 |            2 |
| Yes          | No                    | No                     |               0 |            0 |
| Yes          | No                    | Yes                    |               0 |            0 |
| Yes          | Yes                   | No                     |               0 |            0 |
+--------------+-----------------------+------------------------+-----------------+--------------+


4. Detailed Control Set Information
-----------------------------------

+-------------------------------------------+---------------+------------------+------------------+----------------+--------------+
|                Clock Signal               | Enable Signal | Set/Reset Signal | Slice Load Count | Bel Load Count | Bels / Slice |
+-------------------------------------------+---------------+------------------+------------------+----------------+--------------+
|  FSM_sequential_next_state_reg[3]_i_2_n_0 |               |                  |                1 |              4 |         4.00 |
|  clk_IBUF_BUFG                            |               | current_state[2] |                2 |              4 |         2.00 |
|  clk_IBUF_BUFG                            |               |                  |                4 |              6 |         1.50 |
|  clk_IBUF_BUFG                            |               | rst_IBUF         |               12 |             37 |         3.08 |
+-------------------------------------------+---------------+------------------+------------------+----------------+--------------+


